Exporter version: 5.3-beta, Blender version: 2.78 (sub 0)
========= Conversion from Blender to Babylon.js =========
	Scene settings used:
		selected layers only:  false
		flat shading entire scene:  false
		inline textures:  false
		texture directory:  D:\WIN7_USER\Desktop\TryOn\123\models\mdcloth\
	Python World class constructor completed
	WARNING: No active camera has been assigned, or is not in a currently selected Blender layer
	processing begun of mesh:  height100weight100
		processing begun of Standard material:  Material3772.009
			Ambient texture found "Ka.016"
				Image texture found, type:  ambientTexture, mapped using: "UVMap"
			Diffuse texture found "Kd.016"
				Image texture found, type:  diffuseTexture, mapped using: "UVMap"
		num positions      :  15070
		num normals        :  15070
		num uvs            :  30140
		num uvs2           :  0
		num colors         :  0
		num indices        :  78384
		WARNING: # of 0 area faces found:  1168
	processing begun of mesh:  height75weight100
		processing begun of Standard material:  Material3772.008
			Ambient texture found "Ka.015"
				Image texture found, type:  ambientTexture, mapped using: "UVMap"
			Diffuse texture found "Kd.015"
				Image texture found, type:  diffuseTexture, mapped using: "UVMap"
		num positions      :  15070
		num normals        :  15070
		num uvs            :  30140
		num uvs2           :  0
		num colors         :  0
		num indices        :  78384
		WARNING: # of 0 area faces found:  1174
	processing begun of mesh:  height50weight100
		processing begun of Standard material:  Material3772.007
			Ambient texture found "Ka.014"
				Image texture found, type:  ambientTexture, mapped using: "UVMap"
			Diffuse texture found "Kd.014"
				Image texture found, type:  diffuseTexture, mapped using: "UVMap"
		num positions      :  15070
		num normals        :  15070
		num uvs            :  30140
		num uvs2           :  0
		num colors         :  0
		num indices        :  78384
		WARNING: # of 0 area faces found:  1174
	processing begun of mesh:  height25weight100
		processing begun of Standard material:  Material3772.006
			Ambient texture found "Ka.013"
				Image texture found, type:  ambientTexture, mapped using: "UVMap"
			Diffuse texture found "Kd.013"
				Image texture found, type:  diffuseTexture, mapped using: "UVMap"
		num positions      :  15070
		num normals        :  15070
		num uvs            :  30140
		num uvs2           :  0
		num colors         :  0
		num indices        :  78384
		WARNING: # of 0 area faces found:  1152
	processing begun of mesh:  height0weight100
		processing begun of Standard material:  Material3772.005
			Ambient texture found "Ka.012"
				Image texture found, type:  ambientTexture, mapped using: "UVMap"
			Diffuse texture found "Kd.012"
				Image texture found, type:  diffuseTexture, mapped using: "UVMap"
		num positions      :  15070
		num normals        :  15070
		num uvs            :  30140
		num uvs2           :  0
		num colors         :  0
		num indices        :  78384
		WARNING: # of 0 area faces found:  1162
	processing begun of mesh:  height100weight75
		processing begun of Standard material:  Material3772.004
			Ambient texture found "Ka.011"
				Image texture found, type:  ambientTexture, mapped using: "UVMap"
			Diffuse texture found "Kd.011"
				Image texture found, type:  diffuseTexture, mapped using: "UVMap"
		num positions      :  15070
		num normals        :  15070
		num uvs            :  30140
		num uvs2           :  0
		num colors         :  0
		num indices        :  78384
		WARNING: # of 0 area faces found:  1164
	processing begun of mesh:  height75weight75
		processing begun of Standard material:  Material3772.003
			Ambient texture found "Ka.010"
				Image texture found, type:  ambientTexture, mapped using: "UVMap"
			Diffuse texture found "Kd.010"
				Image texture found, type:  diffuseTexture, mapped using: "UVMap"
		num positions      :  15070
		num normals        :  15070
		num uvs            :  30140
		num uvs2           :  0
		num colors         :  0
		num indices        :  78384
		WARNING: # of 0 area faces found:  1178
	processing begun of mesh:  height50weight75
		processing begun of Standard material:  Material3772.002
			Ambient texture found "Ka.009"
				Image texture found, type:  ambientTexture, mapped using: "UVMap"
			Diffuse texture found "Kd.009"
				Image texture found, type:  diffuseTexture, mapped using: "UVMap"
		num positions      :  15070
		num normals        :  15070
		num uvs            :  30140
		num uvs2           :  0
		num colors         :  0
		num indices        :  78384
		WARNING: # of 0 area faces found:  1148
	processing begun of mesh:  height25weight75
		processing begun of Standard material:  Material3772.001
			Ambient texture found "Ka.008"
				Image texture found, type:  ambientTexture, mapped using: "UVMap"
			Diffuse texture found "Kd.008"
				Image texture found, type:  diffuseTexture, mapped using: "UVMap"
		num positions      :  15070
		num normals        :  15070
		num uvs            :  30140
		num uvs2           :  0
		num colors         :  0
		num indices        :  78384
		WARNING: # of 0 area faces found:  1154
	processing begun of mesh:  height0weight75
		processing begun of Standard material:  Material3772
			Ambient texture found "Ka.007"
				Image texture found, type:  ambientTexture, mapped using: "UVMap"
			Diffuse texture found "Kd.007"
				Image texture found, type:  diffuseTexture, mapped using: "UVMap"
		num positions      :  15070
		num normals        :  15070
		num uvs            :  30140
		num uvs2           :  0
		num colors         :  0
		num indices        :  78384
		WARNING: # of 0 area faces found:  1148
	processing begun of mesh:  height0weight50
		processing begun of Standard material:  Material3772.016
			Ambient texture found "Ka.006"
				Image texture found, type:  ambientTexture, mapped using: "UVMap"
			Diffuse texture found "Kd.006"
				Image texture found, type:  diffuseTexture, mapped using: "UVMap"
		num positions      :  15070
		num normals        :  15070
		num uvs            :  30140
		num uvs2           :  0
		num colors         :  0
		num indices        :  78384
		WARNING: # of 0 area faces found:  1144
	processing begun of mesh:  height100weight50
		processing begun of Standard material:  Material3772.014
			Ambient texture found "Ka.004"
				Image texture found, type:  ambientTexture, mapped using: "UVMap"
			Diffuse texture found "Kd.004"
				Image texture found, type:  diffuseTexture, mapped using: "UVMap"
		num positions      :  15070
		num normals        :  15070
		num uvs            :  30140
		num uvs2           :  0
		num colors         :  0
		num indices        :  78384
		WARNING: # of 0 area faces found:  1160
	processing begun of mesh:  height75weight50
		processing begun of Standard material:  Material3772.013
			Ambient texture found "Ka.003"
				Image texture found, type:  ambientTexture, mapped using: "UVMap"
			Diffuse texture found "Kd.003"
				Image texture found, type:  diffuseTexture, mapped using: "UVMap"
		num positions      :  15070
		num normals        :  15070
		num uvs            :  30140
		num uvs2           :  0
		num colors         :  0
		num indices        :  78384
		WARNING: # of 0 area faces found:  1148
	processing begun of mesh:  height50weight50
		processing begun of Standard material:  Material3772.012
			Ambient texture found "Ka.002"
				Image texture found, type:  ambientTexture, mapped using: "UVMap"
			Diffuse texture found "Kd.002"
				Image texture found, type:  diffuseTexture, mapped using: "UVMap"
		num positions      :  15070
		num normals        :  15070
		num uvs            :  30140
		num uvs2           :  0
		num colors         :  0
		num indices        :  78384
		WARNING: # of 0 area faces found:  1144
	processing begun of mesh:  height25weight50
		processing begun of Standard material:  Material3772.011
			Ambient texture found "Ka.001"
				Image texture found, type:  ambientTexture, mapped using: "UVMap"
			Diffuse texture found "Kd.001"
				Image texture found, type:  diffuseTexture, mapped using: "UVMap"
		num positions      :  15070
		num normals        :  15070
		num uvs            :  30140
		num uvs2           :  0
		num colors         :  0
		num indices        :  78384
		WARNING: # of 0 area faces found:  1144
	processing begun of mesh:  height100weight25
		processing begun of Standard material:  Material3772.037
			Ambient texture found "Ka.037"
				Image texture found, type:  ambientTexture, mapped using: "UVMap"
			Diffuse texture found "Kd.048"
				Image texture found, type:  diffuseTexture, mapped using: "UVMap"
		num positions      :  15070
		num normals        :  15070
		num uvs            :  30140
		num uvs2           :  0
		num colors         :  0
		num indices        :  78384
		WARNING: # of 0 area faces found:  1148
	processing begun of mesh:  height75weight25
		processing begun of Standard material:  Material3772.035
			Ambient texture found "Ka.035"
				Image texture found, type:  ambientTexture, mapped using: "UVMap"
			Diffuse texture found "Kd.046"
				Image texture found, type:  diffuseTexture, mapped using: "UVMap"
		num positions      :  15070
		num normals        :  15070
		num uvs            :  30140
		num uvs2           :  0
		num colors         :  0
		num indices        :  78384
		WARNING: # of 0 area faces found:  1146
	processing begun of mesh:  height50weight25
		processing begun of Standard material:  Material3772.033
			Ambient texture found "Ka.033"
				Image texture found, type:  ambientTexture, mapped using: "UVMap"
			Diffuse texture found "Kd.044"
				Image texture found, type:  diffuseTexture, mapped using: "UVMap"
		num positions      :  15070
		num normals        :  15070
		num uvs            :  30140
		num uvs2           :  0
		num colors         :  0
		num indices        :  78384
		WARNING: # of 0 area faces found:  1164
	processing begun of mesh:  height25weight25
		processing begun of Standard material:  Material3772.031
			Ambient texture found "Ka.031"
				Image texture found, type:  ambientTexture, mapped using: "UVMap"
			Diffuse texture found "Kd.042"
				Image texture found, type:  diffuseTexture, mapped using: "UVMap"
		num positions      :  15070
		num normals        :  15070
		num uvs            :  30140
		num uvs2           :  0
		num colors         :  0
		num indices        :  78384
		WARNING: # of 0 area faces found:  1146
	processing begun of mesh:  height0weight25
		processing begun of Standard material:  Material3772.030
			Ambient texture found "Ka.030"
				Image texture found, type:  ambientTexture, mapped using: "UVMap"
			Diffuse texture found "Kd.041"
				Image texture found, type:  diffuseTexture, mapped using: "UVMap"
		num positions      :  15070
		num normals        :  15070
		num uvs            :  30140
		num uvs2           :  0
		num colors         :  0
		num indices        :  78384
		WARNING: # of 0 area faces found:  1144
	processing begun of mesh:  height0weight0
		processing begun of Standard material:  Material3772.028
			Ambient texture found "Ka.028"
				Image texture found, type:  ambientTexture, mapped using: "UVMap"
			Diffuse texture found "Kd.039"
				Image texture found, type:  diffuseTexture, mapped using: "UVMap"
		num positions      :  15070
		num normals        :  15070
		num uvs            :  30140
		num uvs2           :  0
		num colors         :  0
		num indices        :  78384
		WARNING: # of 0 area faces found:  1144
	processing begun of mesh:  height75weight0
		processing begun of Standard material:  Material3772.027
			Ambient texture found "Ka.027"
				Image texture found, type:  ambientTexture, mapped using: "UVMap"
			Diffuse texture found "Kd.038"
				Image texture found, type:  diffuseTexture, mapped using: "UVMap"
		num positions      :  15070
		num normals        :  15070
		num uvs            :  30140
		num uvs2           :  0
		num colors         :  0
		num indices        :  78384
		WARNING: # of 0 area faces found:  1146
	processing begun of mesh:  height25weight0
		processing begun of Standard material:  Material3772.026
			Ambient texture found "Ka.026"
				Image texture found, type:  ambientTexture, mapped using: "UVMap"
			Diffuse texture found "Kd.037"
				Image texture found, type:  diffuseTexture, mapped using: "UVMap"
		num positions      :  15070
		num normals        :  15070
		num uvs            :  30140
		num uvs2           :  0
		num colors         :  0
		num indices        :  78384
		WARNING: # of 0 area faces found:  1148
	processing begun of mesh:  height100weight0
		processing begun of Standard material:  Material3772.024
			Ambient texture found "Ka.024"
				Image texture found, type:  ambientTexture, mapped using: "UVMap"
			Diffuse texture found "Kd.035"
				Image texture found, type:  diffuseTexture, mapped using: "UVMap"
		num positions      :  15070
		num normals        :  15070
		num uvs            :  30140
		num uvs2           :  0
		num colors         :  0
		num indices        :  78384
		WARNING: # of 0 area faces found:  1144
	processing begun of mesh:  height50weight0
		processing begun of Standard material:  Material3772.023
			Ambient texture found "Ka.023"
				Image texture found, type:  ambientTexture, mapped using: "UVMap"
			Diffuse texture found "Kd.034"
				Image texture found, type:  diffuseTexture, mapped using: "UVMap"
		num positions      :  15070
		num normals        :  15070
		num uvs            :  30140
		num uvs2           :  0
		num colors         :  0
		num indices        :  78384
		WARNING: # of 0 area faces found:  1146
========= Writing of files started =========
========= Writing of files completed =========
========= end of processing =========
elapsed time:  0 min, 56.363 secs
